  [4;36;1mSQL (52.5ms)[0m   [0;1mSET NAMES 'utf8'[0m
  [4;35;1mSQL (0.1ms)[0m   [0mSET SQL_AUTO_IS_NULL=0[0m


Processing ApplicationController#index (for 127.0.0.1 at 2010-05-03 11:07:34) [GET]

ActionController::RoutingError (No route matches "/" with {:method=>:get}):
  

Rendering rescues/layout (not_found)
  [4;36;1mSQL (0.1ms)[0m   [0;1mSET NAMES 'utf8'[0m
  [4;35;1mSQL (0.1ms)[0m   [0mSET SQL_AUTO_IS_NULL=0[0m
  [4;36;1mSQL (29.0ms)[0m   [0;1mSHOW TABLES[0m
  [4;35;1mSQL (416.5ms)[0m   [0mCREATE TABLE `schema_migrations` (`version` varchar(255) NOT NULL) ENGINE=InnoDB[0m
  [4;36;1mSQL (356.6ms)[0m   [0;1mCREATE UNIQUE INDEX `unique_schema_migrations` ON `schema_migrations` (`version`)[0m
  [4;35;1mSQL (0.3ms)[0m   [0mSHOW TABLES[0m
  [4;36;1mSQL (0.3ms)[0m   [0;1mSELECT version FROM schema_migrations[0m
Migrating to CreateClients (20100503160812)
  [4;35;1mSQL (123.1ms)[0m   [0mCREATE TABLE `clients` (`id` int(11) DEFAULT NULL auto_increment PRIMARY KEY, `name` varchar(255), `rate` int(11), `comments` text, `created_at` datetime, `updated_at` datetime) ENGINE=InnoDB[0m
  [4;36;1mSQL (8.5ms)[0m   [0;1mINSERT INTO schema_migrations (version) VALUES ('20100503160812')[0m
Migrating to CreateProjects (20100503160951)
  [4;35;1mSQL (95.4ms)[0m   [0mCREATE TABLE `projects` (`id` int(11) DEFAULT NULL auto_increment PRIMARY KEY, `title` varchar(255), `startdate` date, `duedate` date, `client_id` int(11), `created_at` datetime, `updated_at` datetime) ENGINE=InnoDB[0m
  [4;36;1mSQL (0.9ms)[0m   [0;1mINSERT INTO schema_migrations (version) VALUES ('20100503160951')[0m
  [4;35;1mSQL (0.4ms)[0m   [0mSHOW TABLES[0m
  [4;36;1mSQL (0.2ms)[0m   [0;1mSELECT version FROM schema_migrations[0m
  [4;35;1mSQL (0.2ms)[0m   [0mSHOW TABLES[0m
  [4;36;1mSQL (75.1ms)[0m   [0;1mSHOW FIELDS FROM `clients`[0m
  [4;35;1mSQL (3.8ms)[0m   [0mdescribe `clients`[0m
  [4;36;1mSQL (2.1ms)[0m   [0;1mSHOW KEYS FROM `clients`[0m
  [4;35;1mSQL (2.5ms)[0m   [0mSHOW FIELDS FROM `projects`[0m
  [4;36;1mSQL (4.6ms)[0m   [0;1mdescribe `projects`[0m
  [4;35;1mSQL (2.0ms)[0m   [0mSHOW KEYS FROM `projects`[0m
